[2020-03-30 17:30:31,994] INFO Starting the log cleaner (kafka.log.LogCleaner)
[2020-03-30 17:30:32,082] INFO [kafka-log-cleaner-thread-0]: Starting (kafka.log.LogCleaner)
[2020-03-30 17:53:00,395] INFO Shutting down the log cleaner. (kafka.log.LogCleaner)
[2020-03-30 17:53:00,396] INFO [kafka-log-cleaner-thread-0]: Shutting down (kafka.log.LogCleaner)
[2020-03-30 17:53:00,396] INFO [kafka-log-cleaner-thread-0]: Stopped (kafka.log.LogCleaner)
[2020-03-30 17:53:00,397] INFO [kafka-log-cleaner-thread-0]: Shutdown completed (kafka.log.LogCleaner)
[2020-03-30 17:53:21,317] INFO Starting the log cleaner (kafka.log.LogCleaner)
[2020-03-30 17:53:21,388] INFO [kafka-log-cleaner-thread-0]: Starting (kafka.log.LogCleaner)
[2020-03-30 18:20:46,846] INFO Shutting down the log cleaner. (kafka.log.LogCleaner)
[2020-03-30 18:20:46,848] INFO [kafka-log-cleaner-thread-0]: Shutting down (kafka.log.LogCleaner)
[2020-03-30 18:20:46,849] INFO [kafka-log-cleaner-thread-0]: Stopped (kafka.log.LogCleaner)
[2020-03-30 18:20:46,849] INFO [kafka-log-cleaner-thread-0]: Shutdown completed (kafka.log.LogCleaner)
[2020-03-30 18:23:37,352] INFO Starting the log cleaner (kafka.log.LogCleaner)
[2020-03-30 18:23:37,426] INFO [kafka-log-cleaner-thread-0]: Starting (kafka.log.LogCleaner)
[2020-03-31 13:00:21,035] INFO Starting the log cleaner (kafka.log.LogCleaner)
[2020-03-31 13:00:21,125] INFO [kafka-log-cleaner-thread-0]: Starting (kafka.log.LogCleaner)
[2020-03-31 15:06:43,843] INFO Starting the log cleaner (kafka.log.LogCleaner)
[2020-03-31 15:06:43,915] INFO [kafka-log-cleaner-thread-0]: Starting (kafka.log.LogCleaner)
[2020-04-01 01:54:45,450] INFO Starting the log cleaner (kafka.log.LogCleaner)
[2020-04-01 01:54:45,643] INFO [kafka-log-cleaner-thread-0]: Starting (kafka.log.LogCleaner)
[2020-04-02 14:03:20,858] INFO Starting the log cleaner (kafka.log.LogCleaner)
[2020-04-02 14:03:20,979] INFO [kafka-log-cleaner-thread-0]: Starting (kafka.log.LogCleaner)
[2020-04-03 12:21:48,862] INFO Starting the log cleaner (kafka.log.LogCleaner)
[2020-04-03 12:21:49,055] INFO [kafka-log-cleaner-thread-0]: Starting (kafka.log.LogCleaner)
[2020-04-04 14:19:24,964] INFO Starting the log cleaner (kafka.log.LogCleaner)
[2020-04-04 14:19:25,118] INFO [kafka-log-cleaner-thread-0]: Starting (kafka.log.LogCleaner)
